app/build/outputs/logs/manifest-merger-debug-report.txt
-- Merging decision tree log ---
manifest
ADDED from src\main\AndroidManifest.xml:2:1-722:12
	package
		ADDED from src\main\AndroidManifest.xml:4:5-32
		INJECTED from src\main\AndroidManifest.xml
		INJECTED from src\main\AndroidManifest.xml
	android:versionName
		INJECTED from src\main\AndroidManifest.xml
		INJECTED from src\main\AndroidManifest.xml
	xmlns:tools
		ADDED from src\main\AndroidManifest.xml:3:5-51
	xmlns:android
		ADDED from src\main\AndroidManifest.xml:2:11-69
	android:versionCode
		INJECTED from src\main\AndroidManifest.xml
		INJECTED from src\main\AndroidManifest.xml
uses-permission#android.permission.CAMERA
ADDED from src\main\AndroidManifest.xml:6:5-65
	android:name
		ADDED from src\main\AndroidManifest.xml:6:22-62
uses-permission#android.permission.FLASHLIGHT
ADDED from src\main\AndroidManifest.xml:7:5-69
	android:name
		ADDED from src\main\AndroidManifest.xml:7:22-66
uses-permission#android.permission.ACCESS_NETWORK_STATE
ADDED from src\main\AndroidManifest.xml:8:5-79
	android:name
		ADDED from src\main\AndroidManifest.xml:8:22-76
uses-permission#android.permission.VIBRATE
ADDED from src\main\AndroidManifest.xml:11:5-66
	android:name
		ADDED from src\main\AndroidManifest.xml:11:22-63
uses-permission#android.permission.READ_EXTERNAL_STORAGE
ADDED from src\main\AndroidManifest.xml:12:5-80
	android:name
		ADDED from src\main\AndroidManifest.xml:12:22-77
uses-permission#android.permission.READ_PHONE_STATE
ADDED from src\main\AndroidManifest.xml:13:5-75
	android:name
		ADDED from src\main\AndroidManifest.xml:13:22-72
uses-permission#android.permission.READ_LOGS
ADDED from src\main\AndroidManifest.xml:14:5-68
	android:name
		ADDED from src\main\AndroidManifest.xml:14:22-65
uses-permission#android.permission.INTERNET
ADDED from src\main\AndroidManifest.xml:15:5-67
	android:name
		ADDED from src\main\AndroidManifest.xml:15:22-64
uses-permission#com.android.launcher.permission.READ_SETTINGS
ADDED from src\main\AndroidManifest.xml:16:5-85
	android:name
		ADDED from src\main\AndroidManifest.xml:16:22-82
uses-permission#android.permission.WAKE_LOCK
ADDED from src\main\AndroidManifest.xml:17:5-68
	android:name
		ADDED from src\main\AndroidManifest.xml:17:22-65
uses-permission#android.permission.CHANGE_WIFI_STATE
ADDED from src\main\AndroidManifest.xml:18:5-76
	android:name
		ADDED from src\main\AndroidManifest.xml:18:22-73
uses-permission#android.permission.GET_TASKS
ADDED from src\main\AndroidManifest.xml:19:5-68
	android:name
		ADDED from src\main\AndroidManifest.xml:19:22-65
uses-permission#android.permission.WRITE_EXTERNAL_STORAGE
ADDED from src\main\AndroidManifest.xml:20:5-81
	android:name
		ADDED from src\main\AndroidManifest.xml:20:22-78
uses-permission#android.permission.WRITE_SETTINGS
ADDED from src\main\AndroidManifest.xml:21:5-73
	android:name
		ADDED from src\main\AndroidManifest.xml:21:22-70
uses-permission#android.permission.ACCESS_COARSE_LOCATION
ADDED from src\main\AndroidManifest.xml:23:5-81
	android:name
		ADDED from src\main\AndroidManifest.xml:23:22-78
uses-permission#android.permission.ACCESS_FINE_LOCATION
ADDED from src\main\AndroidManifest.xml:25:5-79
	android:name
		ADDED from src\main\AndroidManifest.xml:25:22-76
uses-permission#android.permission.ACCESS_WIFI_STATE
ADDED from src\main\AndroidManifest.xml:27:5-76
	android:name
		ADDED from src\main\AndroidManifest.xml:27:22-73
uses-permission#android.permission.MOUNT_UNMOUNT_FILESYSTEMS
ADDED from src\main\AndroidManifest.xml:31:5-84
	android:name
		ADDED from src\main\AndroidManifest.xml:31:22-81
uses-permission#android.permission.RECORD_AUDIO
ADDED from src\main\AndroidManifest.xml:34:5-71
	android:name
		ADDED from src\main\AndroidManifest.xml:34:22-68
uses-permission#android.permission.MODIFY_AUDIO_SETTINGS
ADDED from src\main\AndroidManifest.xml:38:5-80
	android:name
		ADDED from src\main\AndroidManifest.xml:38:22-77
uses-permission#android.permission.RECEIVE_BOOT_COMPLETED
ADDED from src\main\AndroidManifest.xml:39:5-81
	android:name
		ADDED from src\main\AndroidManifest.xml:39:22-78
uses-permission#android.permission.USE_CREDENTIALS
ADDED from src\main\AndroidManifest.xml:40:5-74
	android:name
		ADDED from src\main\AndroidManifest.xml:40:22-71
uses-permission#android.permission.BROADCAST_STICKY
ADDED from src\main\AndroidManifest.xml:42:5-75
	android:name
		ADDED from src\main\AndroidManifest.xml:42:22-72
uses-permission#android.permission.REQUEST_IGNORE_BATTERY_OPTIMIZATIONS
ADDED from src\main\AndroidManifest.xml:43:5-95
	android:name
		ADDED from src\main\AndroidManifest.xml:43:22-92
uses-feature#android.hardware.camera
ADDED from src\main\AndroidManifest.xml:45:5-60
	android:name
		ADDED from src\main\AndroidManifest.xml:45:19-57
uses-feature#android.hardware.camera.autofocus
ADDED from src\main\AndroidManifest.xml:46:5-70
	android:name
		ADDED from src\main\AndroidManifest.xml:46:19-67
uses-permission#com.google.android.c2dm.permission.RECEIVE
ADDED from src\main\AndroidManifest.xml:49:5-82
	android:name
		ADDED from src\main\AndroidManifest.xml:49:22-79
permission#byou.yadun.wallet.permission.C2D_MESSAGE
ADDED from src\main\AndroidManifest.xml:51:5-53:47
	android:protectionLevel
		ADDED from src\main\AndroidManifest.xml:53:9-44
	android:name
		ADDED from src\main\AndroidManifest.xml:52:9-64
uses-permission#byou.yadun.wallet.permission.C2D_MESSAGE
ADDED from src\main\AndroidManifest.xml:55:5-80
	android:name
		ADDED from src\main\AndroidManifest.xml:55:22-77
permission#byou.yadun.wallet.permission.MIPUSH_RECEIVE
ADDED from src\main\AndroidManifest.xml:57:5-59:55
	android:protectionLevel
		ADDED from src\main\AndroidManifest.xml:59:9-52
	android:name
		ADDED from src\main\AndroidManifest.xml:58:9-67
uses-permission#byou.yadun.wallet.permission.MIPUSH_RECEIVE
ADDED from src\main\AndroidManifest.xml:61:5-83
	android:name
		ADDED from src\main\AndroidManifest.xml:61:22-80
application
ADDED from src\main\AndroidManifest.xml:62:5-721:19
MERGED from [org.xutils:xutils:3.5.0] AndroidManifest.xml:12:5-20
	android:label
		ADDED from src\main\AndroidManifest.xml:66:9-41
	android:supportsRtl
		ADDED from src\main\AndroidManifest.xml:67:9-35
	android:allowBackup
		ADDED from src\main\AndroidManifest.xml:64:9-35
	android:icon
		ADDED from src\main\AndroidManifest.xml:65:9-43
	android:theme
		ADDED from src\main\AndroidManifest.xml:68:9-40
	android:name
		ADDED from src\main\AndroidManifest.xml:63:9-55
receiver#byou.yadun.wallet.receiver.StartServiceReceiver
ADDED from src\main\AndroidManifest.xml:70:9-77:20
	android:name
		ADDED from src\main\AndroidManifest.xml:70:19-64
intent-filter#android.intent.action.BOOT_COMPLETED+android.intent.action.QUICKBOOT_POWERON+android.intent.category.LAUNCHER
ADDED from src\main\AndroidManifest.xml:71:13-76:29
	android:priority
		ADDED from src\main\AndroidManifest.xml:71:28-51
action#android.intent.action.BOOT_COMPLETED
ADDED from src\main\AndroidManifest.xml:72:17-79
	android:name
		ADDED from src\main\AndroidManifest.xml:72:25-76
action#android.intent.action.QUICKBOOT_POWERON
ADDED from src\main\AndroidManifest.xml:73:17-82
	android:name
		ADDED from src\main\AndroidManifest.xml:73:25-79
category#android.intent.category.LAUNCHER
ADDED from src\main\AndroidManifest.xml:75:17-77
	android:name
		ADDED from src\main\AndroidManifest.xml:75:27-74
receiver#com.hyphenate.chat.EMGCMBroadcastReceiver
ADDED from src\main\AndroidManifest.xml:80:9-89:20
	android:exported
		ADDED from src\main\AndroidManifest.xml:82:13-36
	android:permission
		ADDED from src\main\AndroidManifest.xml:83:13-73
	android:name
		ADDED from src\main\AndroidManifest.xml:81:13-69
intent-filter#byou.yadun.wallet+com.google.android.c2dm.intent.RECEIVE
ADDED from src\main\AndroidManifest.xml:84:13-88:29
action#com.google.android.c2dm.intent.RECEIVE
ADDED from src\main\AndroidManifest.xml:85:17-81
	android:name
		ADDED from src\main\AndroidManifest.xml:85:25-78
category#byou.yadun.wallet
ADDED from src\main\AndroidManifest.xml:87:17-62
	android:name
		ADDED from src\main\AndroidManifest.xml:87:27-59
service#com.hyphenate.chat.EMGCMListenerService
ADDED from src\main\AndroidManifest.xml:91:9-93:40
	android:exported
		ADDED from src\main\AndroidManifest.xml:93:13-37
	android:name
		ADDED from src\main\AndroidManifest.xml:92:13-67
receiver#byou.yadun.wallet.receiver.GCMPushBroadCast
ADDED from src\main\AndroidManifest.xml:95:9-103:20
	android:exported
		ADDED from src\main\AndroidManifest.xml:97:13-37
	android:name
		ADDED from src\main\AndroidManifest.xml:96:13-54
intent-filter#byou.yadun.wallet+com.hyphenate.sdk.push
ADDED from src\main\AndroidManifest.xml:98:13-102:29
action#com.hyphenate.sdk.push
ADDED from src\main\AndroidManifest.xml:99:17-65
	android:name
		ADDED from src\main\AndroidManifest.xml:99:25-62
service#com.xiaomi.mipush.sdk.PushMessageHandler
ADDED from src\main\AndroidManifest.xml:108:9-112:46
	android:enabled
		ADDED from src\main\AndroidManifest.xml:110:13-35
	android:exported
		ADDED from src\main\AndroidManifest.xml:111:13-36
	tools:ignore
		ADDED from src\main\AndroidManifest.xml:112:13-43
	android:name
		ADDED from src\main\AndroidManifest.xml:109:13-68
service#com.xiaomi.mipush.sdk.MessageHandleService
ADDED from src\main\AndroidManifest.xml:113:9-115:38
	android:enabled
		ADDED from src\main\AndroidManifest.xml:115:13-35
	android:name
		ADDED from src\main\AndroidManifest.xml:114:13-70
receiver#com.hyphenate.chat.EMMipushReceiver
ADDED from src\main\AndroidManifest.xml:117:9-130:20
	android:exported
		ADDED from src\main\AndroidManifest.xml:119:13-36
	tools:ignore
		ADDED from src\main\AndroidManifest.xml:120:13-44
	android:name
		ADDED from src\main\AndroidManifest.xml:118:13-63
intent-filter#com.xiaomi.mipush.RECEIVE_MESSAGE
ADDED from src\main\AndroidManifest.xml:121:13-123:29
action#com.xiaomi.mipush.RECEIVE_MESSAGE
ADDED from src\main\AndroidManifest.xml:122:17-76
	android:name
		ADDED from src\main\AndroidManifest.xml:122:25-73
intent-filter#com.xiaomi.mipush.MESSAGE_ARRIVED
ADDED from src\main\AndroidManifest.xml:124:13-126:29
action#com.xiaomi.mipush.MESSAGE_ARRIVED
ADDED from src\main\AndroidManifest.xml:125:17-76
	android:name
		ADDED from src\main\AndroidManifest.xml:125:25-73
intent-filter#com.xiaomi.mipush.ERROR
ADDED from src\main\AndroidManifest.xml:127:13-129:29
action#com.xiaomi.mipush.ERROR
ADDED from src\main\AndroidManifest.xml:128:17-66
	android:name
		ADDED from src\main\AndroidManifest.xml:128:25-63
meta-data#EASEMOB_APPKEY
ADDED from src\main\AndroidManifest.xml:132:9-134:53
	android:value
		ADDED from src\main\AndroidManifest.xml:134:13-50
	android:name
		ADDED from src\main\AndroidManifest.xml:133:13-42
service#com.hyphenate.chat.EMChatService
ADDED from src\main\AndroidManifest.xml:136:9-138:39
	android:exported
		ADDED from src\main\AndroidManifest.xml:138:13-36
	android:name
		ADDED from src\main\AndroidManifest.xml:137:13-60
service#com.hyphenate.chat.EMJobService
ADDED from src\main\AndroidManifest.xml:139:9-142:72
	android:exported
		ADDED from src\main\AndroidManifest.xml:141:13-36
	android:permission
		ADDED from src\main\AndroidManifest.xml:142:13-69
	android:name
		ADDED from src\main\AndroidManifest.xml:140:13-59
receiver#com.hyphenate.chat.EMMonitorReceiver
ADDED from src\main\AndroidManifest.xml:144:9-154:20
	android:name
		ADDED from src\main\AndroidManifest.xml:144:19-70
intent-filter#android.intent.action.PACKAGE_REMOVED
ADDED from src\main\AndroidManifest.xml:145:13-148:29
action#android.intent.action.PACKAGE_REMOVED
ADDED from src\main\AndroidManifest.xml:146:17-80
	android:name
		ADDED from src\main\AndroidManifest.xml:146:25-77
data
ADDED from src\main\AndroidManifest.xml:147:17-50
	android:scheme
		ADDED from src\main\AndroidManifest.xml:147:23-47
intent-filter#android.intent.action.BOOT_COMPLETED+android.intent.action.USER_PRESENT
ADDED from src\main\AndroidManifest.xml:150:13-153:29
action#android.intent.action.USER_PRESENT
ADDED from src\main\AndroidManifest.xml:152:17-77
	android:name
		ADDED from src\main\AndroidManifest.xml:152:25-74
meta-data#com.huawei.hms.client.appid
ADDED from src\main\AndroidManifest.xml:157:9-159:41
	android:value
		ADDED from src\main\AndroidManifest.xml:159:13-38
	android:name
		ADDED from src\main\AndroidManifest.xml:158:13-55
receiver#com.hyphenate.chat.EMHWPushReceiver
ADDED from src\main\AndroidManifest.xml:161:9-172:20
	android:name
		ADDED from src\main\AndroidManifest.xml:161:19-69
intent-filter#com.huawei.android.push.intent.CLICK+com.huawei.android.push.intent.RECEIVE+com.huawei.android.push.intent.REGISTRATION+com.huawei.intent.action.PUSH_STATE
ADDED from src\main\AndroidManifest.xml:162:13-171:29
action#com.huawei.android.push.intent.REGISTRATION
ADDED from src\main\AndroidManifest.xml:164:17-86
	android:name
		ADDED from src\main\AndroidManifest.xml:164:25-83
action#com.huawei.android.push.intent.RECEIVE
ADDED from src\main\AndroidManifest.xml:166:17-81
	android:name
		ADDED from src\main\AndroidManifest.xml:166:25-78
action#com.huawei.android.push.intent.CLICK
ADDED from src\main\AndroidManifest.xml:168:17-79
	android:name
		ADDED from src\main\AndroidManifest.xml:168:25-76
action#com.huawei.intent.action.PUSH_STATE
ADDED from src\main\AndroidManifest.xml:170:17-78
	android:name
		ADDED from src\main\AndroidManifest.xml:170:25-75
receiver#com.huawei.hms.support.api.push.PushEventReceiver
ADDED from src\main\AndroidManifest.xml:174:9-179:20
	android:name
		ADDED from src\main\AndroidManifest.xml:174:19-83
intent-filter#com.huawei.intent.action.PUSH
ADDED from src\main\AndroidManifest.xml:175:13-178:29
action#com.huawei.intent.action.PUSH
ADDED from src\main\AndroidManifest.xml:177:17-72
	android:name
		ADDED from src\main\AndroidManifest.xml:177:25-69
service#com.umeng.update.net.DownloadingService
ADDED from src\main\AndroidManifest.xml:183:9-185:53
	android:process
		ADDED from src\main\AndroidManifest.xml:185:13-50
	android:name
		ADDED from src\main\AndroidManifest.xml:184:13-67
activity#com.umeng.update.UpdateDialogActivity
ADDED from src\main\AndroidManifest.xml:187:9-189:75
	android:theme
		ADDED from src\main\AndroidManifest.xml:189:13-72
	android:name
		ADDED from src\main\AndroidManifest.xml:188:13-65
meta-data#com.baidu.lbsapi.API_KEY
ADDED from src\main\AndroidManifest.xml:193:9-195:64
	android:value
		ADDED from src\main\AndroidManifest.xml:195:13-61
	android:name
		ADDED from src\main\AndroidManifest.xml:194:13-52
service#com.baidu.location.f
ADDED from src\main\AndroidManifest.xml:198:9-201:41
	android:enabled
		ADDED from src\main\AndroidManifest.xml:200:13-35
	android:process
		ADDED from src\main\AndroidManifest.xml:201:13-38
	android:name
		ADDED from src\main\AndroidManifest.xml:199:13-48
activity#byou.yadun.wallet.wallet.SplashActivity
ADDED from src\main\AndroidManifest.xml:218:9-223:20
	android:name
		ADDED from src\main\AndroidManifest.xml:218:19-73
intent-filter#android.intent.action.MAIN+android.intent.category.LAUNCHER
ADDED from src\main\AndroidManifest.xml:219:13-222:29
action#android.intent.action.MAIN
ADDED from src\main\AndroidManifest.xml:220:17-69
	android:name
		ADDED from src\main\AndroidManifest.xml:220:25-66
activity#byou.yadun.wallet.MainActivity
ADDED from src\main\AndroidManifest.xml:225:9-230:63
	android:screenOrientation
		ADDED from src\main\AndroidManifest.xml:229:13-49
	android:launchMode
		ADDED from src\main\AndroidManifest.xml:228:13-44
	android:windowSoftInputMode
		ADDED from src\main\AndroidManifest.xml:230:13-60
	android:configChanges
		ADDED from src\main\AndroidManifest.xml:227:13-63
	android:name
		ADDED from src\main\AndroidManifest.xml:226:13-58
activity#byou.yadun.wallet.wallet.LoginActivity
ADDED from src\main\AndroidManifest.xml:232:9-237:63
	android:screenOrientation
		ADDED from src\main\AndroidManifest.xml:236:13-49
	android:launchMode
		ADDED from src\main\AndroidManifest.xml:235:13-44
	android:windowSoftInputMode
		ADDED from src\main\AndroidManifest.xml:237:13-60
	android:configChanges
		ADDED from src\main\AndroidManifest.xml:234:13-63
	android:name
		ADDED from src\main\AndroidManifest.xml:233:13-66
activity#byou.yadun.wallet.wallet.ForgetPasswordActivity
ADDED from src\main\AndroidManifest.xml:239:9-243:63
	android:screenOrientation
		ADDED from src\main\AndroidManifest.xml:242:13-49
	android:windowSoftInputMode
		ADDED from src\main\AndroidManifest.xml:243:13-60
	android:configChanges
		ADDED from src\main\AndroidManifest.xml:241:13-63
	android:name
		ADDED from src\main\AndroidManifest.xml:240:13-75
activity#byou.yadun.wallet.wallet.RegisterActivity
ADDED from src\main\AndroidManifest.xml:245:9-249:63
	android:screenOrientation
		ADDED from src\main\AndroidManifest.xml:248:13-49
	android:windowSoftInputMode
		ADDED from src\main\AndroidManifest.xml:249:13-60
	android:configChanges
		ADDED from src\main\AndroidManifest.xml:247:13-63
	android:name
		ADDED from src\main\AndroidManifest.xml:246:13-69
activity#byou.yadun.wallet.wallet.UserInfoActivity
ADDED from src\main\AndroidManifest.xml:251:9-255:63
	android:screenOrientation
		ADDED from src\main\AndroidManifest.xml:254:13-49
	android:windowSoftInputMode
		ADDED from src\main\AndroidManifest.xml:255:13-60
	android:configChanges
		ADDED from src\main\AndroidManifest.xml:253:13-63
	android:name
		ADDED from src\main\AndroidManifest.xml:252:13-69
activity#byou.yadun.wallet.wallet.AccountSearchActivity
ADDED from src\main\AndroidManifest.xml:257:9-261:63
	android:screenOrientation
		ADDED from src\main\AndroidManifest.xml:260:13-49
	android:windowSoftInputMode
		ADDED from src\main\AndroidManifest.xml:261:13-60
	android:configChanges
		ADDED from src\main\AndroidManifest.xml:259:13-63
	android:name
		ADDED from src\main\AndroidManifest.xml:258:13-74
activity#byou.yadun.wallet.wallet.ModificationPasswordActivity
ADDED from src\main\AndroidManifest.xml:263:9-267:63
	android:screenOrientation
		ADDED from src\main\AndroidManifest.xml:266:13-49
	android:windowSoftInputMode
		ADDED from src\main\AndroidManifest.xml:267:13-60
	android:configChanges
		ADDED from src\main\AndroidManifest.xml:265:13-63
	android:name
		ADDED from src\main\AndroidManifest.xml:264:13-81
activity#byou.yadun.wallet.wallet.ModificationPayPSActivity
ADDED from src\main\AndroidManifest.xml:269:9-273:63
	android:screenOrientation
		ADDED from src\main\AndroidManifest.xml:272:13-49
	android:windowSoftInputMode
		ADDED from src\main\AndroidManifest.xml:273:13-60
	android:configChanges
		ADDED from src\main\AndroidManifest.xml:271:13-63
	android:name
		ADDED from src\main\AndroidManifest.xml:270:13-78
activity#byou.yadun.wallet.wallet.FogetPayPasswordActivity
ADDED from src\main\AndroidManifest.xml:275:9-279:63
	android:screenOrientation
		ADDED from src\main\AndroidManifest.xml:278:13-49
	android:windowSoftInputMode
		ADDED from src\main\AndroidManifest.xml:279:13-60
	android:configChanges
		ADDED from src\main\AndroidManifest.xml:277:13-63
	android:name
		ADDED from src\main\AndroidManifest.xml:276:13-77
activity#byou.yadun.wallet.wallet.AboutUsActivity
ADDED from src\main\AndroidManifest.xml:281:9-285:63
	android:screenOrientation
		ADDED from src\main\AndroidManifest.xml:284:13-49
	android:windowSoftInputMode
		ADDED from src\main\AndroidManifest.xml:285:13-60
	android:configChanges
		ADDED from src\main\AndroidManifest.xml:283:13-63
	android:name
		ADDED from src\main\AndroidManifest.xml:282:13-68
activity#byou.yadun.wallet.wallet.PayActivity
ADDED from src\main\AndroidManifest.xml:287:9-291:63
	android:screenOrientation
		ADDED from src\main\AndroidManifest.xml:290:13-49
	android:windowSoftInputMode
		ADDED from src\main\AndroidManifest.xml:291:13-60
	android:configChanges
		ADDED from src\main\AndroidManifest.xml:289:13-63
	android:name
		ADDED from src\main\AndroidManifest.xml:288:13-64
activity#byou.yadun.wallet.wallet.ReceiptActivity
ADDED from src\main\AndroidManifest.xml:293:9-297:63
	android:screenOrientation
		ADDED from src\main\AndroidManifest.xml:296:13-49
	android:windowSoftInputMode
		ADDED from src\main\AndroidManifest.xml:297:13-60
	android:configChanges
		ADDED from src\main\AndroidManifest.xml:295:13-63
	android:name
		ADDED from src\main\AndroidManifest.xml:294:13-68
activity#byou.yadun.wallet.wallet.TradeNoteActivity
ADDED from src\main\AndroidManifest.xml:299:9-303:63
	android:screenOrientation
		ADDED from src\main\AndroidManifest.xml:302:13-49
	android:windowSoftInputMode
		ADDED from src\main\AndroidManifest.xml:303:13-60
	android:configChanges
		ADDED from src\main\AndroidManifest.xml:301:13-63
	android:name
		ADDED from src\main\AndroidManifest.xml:300:13-70
activity#byou.yadun.wallet.wallet.TradeNoteDetailActivity
ADDED from src\main\AndroidManifest.xml:305:9-309:63
	android:screenOrientation
		ADDED from src\main\AndroidManifest.xml:308:13-49
	android:windowSoftInputMode
		ADDED from src\main\AndroidManifest.xml:309:13-60
	android:configChanges
		ADDED from src\main\AndroidManifest.xml:307:13-63
	android:name
		ADDED from src\main\AndroidManifest.xml:306:13-76
activity#byou.yadun.wallet.wallet.SendNoteDetailsActivity
ADDED from src\main\AndroidManifest.xml:311:9-315:63
	android:screenOrientation
		ADDED from src\main\AndroidManifest.xml:314:13-49
	android:windowSoftInputMode
		ADDED from src\main\AndroidManifest.xml:315:13-60
	android:configChanges
		ADDED from src\main\AndroidManifest.xml:313:13-63
	android:name
		ADDED from src\main\AndroidManifest.xml:312:13-76
activity#byou.yadun.wallet.wallet.WalletAddressActivity
ADDED from src\main\AndroidManifest.xml:317:9-321:63
	android:screenOrientation
		ADDED from src\main\AndroidManifest.xml:320:13-49
	android:windowSoftInputMode
		ADDED from src\main\AndroidManifest.xml:321:13-60
	android:configChanges
		ADDED from src\main\AndroidManifest.xml:319:13-63
	android:name
		ADDED from src\main\AndroidManifest.xml:318:13-74
activity#byou.yadun.wallet.wallet.WalletAddressDetailActivity
ADDED from src\main\AndroidManifest.xml:323:9-327:63
	android:screenOrientation
		ADDED from src\main\AndroidManifest.xml:326:13-49
	android:windowSoftInputMode
		ADDED from src\main\AndroidManifest.xml:327:13-60
	android:configChanges
		ADDED from src\main\AndroidManifest.xml:325:13-63
	android:name
		ADDED from src\main\AndroidManifest.xml:324:13-80
activity#byou.yadun.wallet.wallet.MyQRCodeActivity
ADDED from src\main\AndroidManifest.xml:329:9-333:63
	android:screenOrientation
		ADDED from src\main\AndroidManifest.xml:332:13-49
	android:windowSoftInputMode
		ADDED from src\main\AndroidManifest.xml:333:13-60
	android:configChanges
		ADDED from src\main\AndroidManifest.xml:331:13-63
	android:name
		ADDED from src\main\AndroidManifest.xml:330:13-69
activity#byou.yadun.wallet.wallet.ResultActivity
ADDED from src\main\AndroidManifest.xml:335:9-339:63
	android:screenOrientation
		ADDED from src\main\AndroidManifest.xml:338:13-49
	android:windowSoftInputMode
		ADDED from src\main\AndroidManifest.xml:339:13-60
	android:configChanges
		ADDED from src\main\AndroidManifest.xml:337:13-63
	android:name
		ADDED from src\main\AndroidManifest.xml:336:13-67
activity#byou.yadun.wallet.wallet.CaptureActivity
ADDED from src\main\AndroidManifest.xml:341:9-345:63
	android:screenOrientation
		ADDED from src\main\AndroidManifest.xml:344:13-49
	android:windowSoftInputMode
		ADDED from src\main\AndroidManifest.xml:345:13-60
	android:configChanges
		ADDED from src\main\AndroidManifest.xml:343:13-63
	android:name
		ADDED from src\main\AndroidManifest.xml:342:13-68
activity#byou.yadun.wallet.wallet.ConfirmPaymentActivity
ADDED from src\main\AndroidManifest.xml:347:9-351:63
	android:screenOrientation
		ADDED from src\main\AndroidManifest.xml:350:13-49
	android:windowSoftInputMode
		ADDED from src\main\AndroidManifest.xml:351:13-60
	android:configChanges
		ADDED from src\main\AndroidManifest.xml:349:13-63
	android:name
		ADDED from src\main\AndroidManifest.xml:348:13-75
activity#byou.yadun.wallet.wallet.PaymentExplainActivity
ADDED from src\main\AndroidManifest.xml:353:9-357:63
	android:screenOrientation
		ADDED from src\main\AndroidManifest.xml:356:13-49
	android:windowSoftInputMode
		ADDED from src\main\AndroidManifest.xml:357:13-60
	android:configChanges
		ADDED from src\main\AndroidManifest.xml:355:13-63
	android:name
		ADDED from src\main\AndroidManifest.xml:354:13-75
activity#byou.yadun.wallet.wallet.ReceiptExplainActivity
ADDED from src\main\AndroidManifest.xml:359:9-363:63
	android:screenOrientation
		ADDED from src\main\AndroidManifest.xml:362:13-49
	android:windowSoftInputMode
		ADDED from src\main\AndroidManifest.xml:363:13-60
	android:configChanges
		ADDED from src\main\AndroidManifest.xml:361:13-63
	android:name
		ADDED from src\main\AndroidManifest.xml:360:13-75
activity#byou.yadun.wallet.wallet.IncreaseAddressActivity
ADDED from src\main\AndroidManifest.xml:365:9-369:63
	android:screenOrientation
		ADDED from src\main\AndroidManifest.xml:368:13-49
	android:windowSoftInputMode
		ADDED from src\main\AndroidManifest.xml:369:13-60
	android:configChanges
		ADDED from src\main\AndroidManifest.xml:367:13-63
	android:name
		ADDED from src\main\AndroidManifest.xml:366:13-76
activity#byou.yadun.wallet.wallet.FastPayActivity
ADDED from src\main\AndroidManifest.xml:372:9-376:63
	android:screenOrientation
		ADDED from src\main\AndroidManifest.xml:375:13-49
	android:windowSoftInputMode
		ADDED from src\main\AndroidManifest.xml:376:13-60
	android:configChanges
		ADDED from src\main\AndroidManifest.xml:374:13-63
	android:name
		ADDED from src\main\AndroidManifest.xml:373:13-68
activity#byou.yadun.wallet.wallet.ShowSuccessActivity
ADDED from src\main\AndroidManifest.xml:378:9-382:63
	android:screenOrientation
		ADDED from src\main\AndroidManifest.xml:381:13-49
	android:windowSoftInputMode
		ADDED from src\main\AndroidManifest.xml:382:13-60
	android:configChanges
		ADDED from src\main\AndroidManifest.xml:380:13-63
	android:name
		ADDED from src\main\AndroidManifest.xml:379:13-72
activity#byou.yadun.wallet.wallet.ModificationAddressLabelActivity
ADDED from src\main\AndroidManifest.xml:384:9-388:63
	android:screenOrientation
		ADDED from src\main\AndroidManifest.xml:387:13-49
	android:windowSoftInputMode
		ADDED from src\main\AndroidManifest.xml:388:13-60
	android:configChanges
		ADDED from src\main\AndroidManifest.xml:386:13-63
	android:name
		ADDED from src\main\AndroidManifest.xml:385:13-85
activity#byou.yadun.wallet.wallet.FoodsActivity
ADDED from src\main\AndroidManifest.xml:390:9-394:63
	android:screenOrientation
		ADDED from src\main\AndroidManifest.xml:393:13-49
	android:windowSoftInputMode
		ADDED from src\main\AndroidManifest.xml:394:13-60
	android:configChanges
		ADDED from src\main\AndroidManifest.xml:392:13-63
	android:name
		ADDED from src\main\AndroidManifest.xml:391:13-66
activity#byou.yadun.wallet.wallet.FoodsDetailsActivity
ADDED from src\main\AndroidManifest.xml:396:9-400:63
	android:screenOrientation
		ADDED from src\main\AndroidManifest.xml:399:13-49
	android:windowSoftInputMode
		ADDED from src\main\AndroidManifest.xml:400:13-60
	android:configChanges
		ADDED from src\main\AndroidManifest.xml:398:13-63
	android:name
		ADDED from src\main\AndroidManifest.xml:397:13-73
activity#byou.yadun.wallet.wallet.MovieActivity
ADDED from src\main\AndroidManifest.xml:402:9-406:63
	android:screenOrientation
		ADDED from src\main\AndroidManifest.xml:405:13-49
	android:windowSoftInputMode
		ADDED from src\main\AndroidManifest.xml:406:13-60
	android:configChanges
		ADDED from src\main\AndroidManifest.xml:404:13-63
	android:name
		ADDED from src\main\AndroidManifest.xml:403:13-66
activity#byou.yadun.wallet.wallet.MovieDetailsActivity
ADDED from src\main\AndroidManifest.xml:408:9-412:63
	android:screenOrientation
		ADDED from src\main\AndroidManifest.xml:411:13-49
	android:windowSoftInputMode
		ADDED from src\main\AndroidManifest.xml:412:13-60
	android:configChanges
		ADDED from src\main\AndroidManifest.xml:410:13-63
	android:name
		ADDED from src\main\AndroidManifest.xml:409:13-73
activity#byou.yadun.wallet.wallet.HotelActivity
ADDED from src\main\AndroidManifest.xml:414:9-418:63
	android:screenOrientation
		ADDED from src\main\AndroidManifest.xml:417:13-49
	android:windowSoftInputMode
		ADDED from src\main\AndroidManifest.xml:418:13-60
	android:configChanges
		ADDED from src\main\AndroidManifest.xml:416:13-63
	android:name
		ADDED from src\main\AndroidManifest.xml:415:13-66
activity#byou.yadun.wallet.wallet.HotelDetailsActivity
ADDED from src\main\AndroidManifest.xml:420:9-424:63
	android:screenOrientation
		ADDED from src\main\AndroidManifest.xml:423:13-49
	android:windowSoftInputMode
		ADDED from src\main\AndroidManifest.xml:424:13-60
	android:configChanges
		ADDED from src\main\AndroidManifest.xml:422:13-63
	android:name
		ADDED from src\main\AndroidManifest.xml:421:13-73
activity#byou.yadun.wallet.wallet.EntertainmentsActivity
ADDED from src\main\AndroidManifest.xml:426:9-430:63
	android:screenOrientation
		ADDED from src\main\AndroidManifest.xml:429:13-49
	android:windowSoftInputMode
		ADDED from src\main\AndroidManifest.xml:430:13-60
	android:configChanges
		ADDED from src\main\AndroidManifest.xml:428:13-63
	android:name
		ADDED from src\main\AndroidManifest.xml:427:13-75
activity#byou.yadun.wallet.wallet.EntertainmentsDetailsActivity
ADDED from src\main\AndroidManifest.xml:432:9-436:63
	android:screenOrientation
		ADDED from src\main\AndroidManifest.xml:435:13-49
	android:windowSoftInputMode
		ADDED from src\main\AndroidManifest.xml:436:13-60
	android:configChanges
		ADDED from src\main\AndroidManifest.xml:434:13-63
	android:name
		ADDED from src\main\AndroidManifest.xml:433:13-82
activity#byou.yadun.wallet.wallet.KtvsActivity
ADDED from src\main\AndroidManifest.xml:438:9-442:63
	android:screenOrientation
		ADDED from src\main\AndroidManifest.xml:441:13-49
	android:windowSoftInputMode
		ADDED from src\main\AndroidManifest.xml:442:13-60
	android:configChanges
		ADDED from src\main\AndroidManifest.xml:440:13-63
	android:name
		ADDED from src\main\AndroidManifest.xml:439:13-65